0 verbose cli C:\Program Files\nodejs\node.exe C:\Users\dell\AppData\Roaming\npm\node_modules\npm\bin\npm-cli.js
1 info using npm@11.12.0
2 info using node@v24.14.0
3 silly config load:file:C:\Users\dell\AppData\Roaming\npm\node_modules\npm\npmrc
4 silly config load:file:C:\Users\Public\Next\leather-ecommerce\hkay\.npmrc
5 silly config load:file:C:\Users\dell\.npmrc
6 silly config load:file:C:\Users\dell\AppData\Roaming\npm\etc\npmrc
7 verbose title npm install razorpay
8 verbose argv "install" "razorpay"
9 verbose logfile logs-max:10 dir:C:\Users\Public\Next\leather-ecommerce\hkay\.npm-cache\_logs\2026-07-08T06_25_45_108Z-
10 verbose logfile C:\Users\Public\Next\leather-ecommerce\hkay\.npm-cache\_logs\2026-07-08T06_25_45_108Z-debug-0.log
11 silly logfile done cleaning log files
12 silly packumentCache heap:2348810240 maxSize:587202560 maxEntrySize:293601280
13 silly idealTree buildDeps
14 silly fetch manifest razorpay@*
15 silly packumentCache full:https://registry.npmjs.org/razorpay cache-miss
16 http fetch GET 200 https://registry.npmjs.org/npm 1185ms
17 http fetch GET 200 https://registry.npmjs.org/razorpay 604ms (cache miss)
18 silly packumentCache full:https://registry.npmjs.org/razorpay set size:undefined disposed:false
19 silly placeDep ROOT razorpay@2.9.6 OK for: hkay@0.1.0 want: *
20 silly fetch manifest axios@^1.6.8
21 silly packumentCache full:https://registry.npmjs.org/axios cache-miss
22 http fetch GET 200 https://registry.npmjs.org/axios 101ms (cache miss)
23 silly packumentCache full:https://registry.npmjs.org/axios set size:undefined disposed:false
24 silly placeDep ROOT axios@1.18.1 OK for: razorpay@2.9.6 want: ^1.6.8
25 silly fetch manifest form-data@^4.0.5
26 silly packumentCache full:https://registry.npmjs.org/form-data cache-miss
27 silly fetch manifest proxy-from-env@^2.1.0
28 silly packumentCache full:https://registry.npmjs.org/proxy-from-env cache-miss
29 silly fetch manifest follow-redirects@^1.16.0
30 silly packumentCache full:https://registry.npmjs.org/follow-redirects cache-miss
31 silly fetch manifest https-proxy-agent@^5.0.1
32 silly packumentCache full:https://registry.npmjs.org/https-proxy-agent cache-miss
33 http fetch GET 200 https://registry.npmjs.org/proxy-from-env 60ms (cache miss)
34 silly packumentCache full:https://registry.npmjs.org/proxy-from-env set size:undefined disposed:false
35 http fetch GET 200 https://registry.npmjs.org/form-data 65ms (cache miss)
36 silly packumentCache full:https://registry.npmjs.org/form-data set size:undefined disposed:false
37 http fetch GET 200 https://registry.npmjs.org/https-proxy-agent 98ms (cache miss)
38 silly packumentCache full:https://registry.npmjs.org/https-proxy-agent set size:undefined disposed:false
39 http fetch GET 200 https://registry.npmjs.org/follow-redirects 103ms (cache miss)
40 silly packumentCache full:https://registry.npmjs.org/follow-redirects set size:undefined disposed:false
41 silly placeDep ROOT follow-redirects@1.16.0 OK for: axios@1.18.1 want: ^1.16.0
42 silly placeDep ROOT form-data@4.0.6 OK for: axios@1.18.1 want: ^4.0.5
43 silly placeDep node_modules/axios https-proxy-agent@5.0.1 OK for: axios@1.18.1 want: ^5.0.1
44 silly placeDep ROOT proxy-from-env@2.1.0 OK for: axios@1.18.1 want: ^2.1.0
45 silly fetch manifest asynckit@^0.4.0
46 silly packumentCache full:https://registry.npmjs.org/asynckit cache-miss
47 silly fetch manifest mime-types@^2.1.35
48 silly packumentCache full:https://registry.npmjs.org/mime-types cache-miss
49 silly fetch manifest combined-stream@^1.0.8
50 silly packumentCache full:https://registry.npmjs.org/combined-stream cache-miss
51 silly fetch manifest agent-base@6
52 silly packumentCache full:https://registry.npmjs.org/agent-base cache-miss
53 http fetch GET 200 https://registry.npmjs.org/asynckit 62ms (cache miss)
54 silly packumentCache full:https://registry.npmjs.org/asynckit set size:undefined disposed:false
55 http fetch GET 200 https://registry.npmjs.org/combined-stream 64ms (cache miss)
56 silly packumentCache full:https://registry.npmjs.org/combined-stream set size:undefined disposed:false
57 http fetch GET 200 https://registry.npmjs.org/mime-types 73ms (cache miss)
58 silly packumentCache full:https://registry.npmjs.org/mime-types set size:undefined disposed:false
59 http fetch GET 200 https://registry.npmjs.org/agent-base 77ms (cache miss)
60 silly packumentCache full:https://registry.npmjs.org/agent-base set size:undefined disposed:false
61 silly placeDep ROOT asynckit@0.4.0 OK for: form-data@4.0.6 want: ^0.4.0
62 silly placeDep ROOT combined-stream@1.0.8 OK for: form-data@4.0.6 want: ^1.0.8
63 silly placeDep node_modules/form-data mime-types@2.1.35 OK for: form-data@4.0.6 want: ^2.1.35
64 silly fetch manifest delayed-stream@~1.0.0
65 silly packumentCache full:https://registry.npmjs.org/delayed-stream cache-miss
66 silly fetch manifest mime-db@1.52.0
67 silly packumentCache full:https://registry.npmjs.org/mime-db cache-miss
68 http fetch GET 200 https://registry.npmjs.org/delayed-stream 62ms (cache miss)
69 silly packumentCache full:https://registry.npmjs.org/delayed-stream set size:undefined disposed:false
70 http fetch GET 200 https://registry.npmjs.org/mime-db 70ms (cache miss)
71 silly packumentCache full:https://registry.npmjs.org/mime-db set size:undefined disposed:false
72 silly placeDep ROOT delayed-stream@1.0.0 OK for: combined-stream@1.0.8 want: ~1.0.0
73 silly placeDep node_modules/axios agent-base@6.0.2 OK for: https-proxy-agent@5.0.1 want: 6
74 silly placeDep node_modules/form-data mime-db@1.52.0 OK for: mime-types@2.1.35 want: 1.52.0
75 silly reify moves {}
76 silly audit bulk request {
76 silly audit   '@alloc/quick-lru': [ '5.2.0' ],
76 silly audit   '@babel/code-frame': [ '7.29.7' ],
76 silly audit   '@babel/compat-data': [ '7.29.7' ],
76 silly audit   '@babel/core': [ '7.29.7' ],
76 silly audit   '@babel/generator': [ '7.29.7' ],
76 silly audit   '@babel/helper-annotate-as-pure': [ '7.29.7' ],
76 silly audit   '@babel/helper-compilation-targets': [ '7.29.7' ],
76 silly audit   '@babel/helper-create-class-features-plugin': [ '7.29.7' ],
76 silly audit   '@babel/helper-globals': [ '7.29.7' ],
76 silly audit   '@babel/helper-member-expression-to-functions': [ '7.29.7' ],
76 silly audit   '@babel/helper-module-imports': [ '7.29.7' ],
76 silly audit   '@babel/helper-module-transforms': [ '7.29.7' ],
76 silly audit   '@babel/helper-optimise-call-expression': [ '7.29.7' ],
76 silly audit   '@babel/helper-plugin-utils': [ '7.29.7' ],
76 silly audit   '@babel/helper-replace-supers': [ '7.29.7' ],
76 silly audit   '@babel/helper-skip-transparent-expression-wrappers': [ '7.29.7' ],
76 silly audit   '@babel/helper-string-parser': [ '7.29.7' ],
76 silly audit   '@babel/helper-validator-identifier': [ '7.29.7' ],
76 silly audit   '@babel/helper-validator-option': [ '7.29.7' ],
76 silly audit   '@babel/helpers': [ '7.29.7' ],
76 silly audit   '@babel/parser': [ '7.29.7' ],
76 silly audit   '@babel/plugin-syntax-jsx': [ '7.29.7' ],
76 silly audit   '@babel/plugin-syntax-typescript': [ '7.29.7' ],
76 silly audit   '@babel/plugin-transform-modules-commonjs': [ '7.29.7' ],
76 silly audit   '@babel/plugin-transform-typescript': [ '7.29.7' ],
76 silly audit   '@babel/preset-typescript': [ '7.29.7' ],
76 silly audit   '@babel/template': [ '7.29.7' ],
76 silly audit   '@babel/traverse': [ '7.29.7' ],
76 silly audit   '@babel/types': [ '7.29.7' ],
76 silly audit   '@clerk/backend': [ '3.8.2' ],
76 silly audit   '@clerk/nextjs': [ '7.5.7' ],
76 silly audit   '@clerk/react': [ '6.10.4' ],
76 silly audit   '@clerk/shared': [ '4.20.0' ],
76 silly audit   '@dotenvx/dotenvx': [ '1.71.0' ],
76 silly audit   commander: [ '11.1.0', '14.0.3' ],
76 silly audit   execa: [ '5.1.1', '9.6.1' ],
76 silly audit   fdir: [ '6.5.0' ],
76 silly audit   'get-stream': [ '6.0.1', '9.0.1' ],
76 silly audit   'human-signals': [ '2.1.0', '8.0.1' ],
76 silly audit   'is-stream': [ '2.0.1', '4.0.1' ],
76 silly audit   isexe: [ '3.1.5', '2.0.0' ],
76 silly audit   'npm-run-path': [ '4.0.1', '6.0.0' ],
76 silly audit   onetime: [ '5.1.2', '7.0.0' ],
76 silly audit   picomatch: [ '4.0.4', '2.3.2' ],
76 silly audit   'signal-exit': [ '3.0.7', '4.1.0' ],
76 silly audit   'strip-final-newline': [ '2.0.0', '4.0.0' ],
76 silly audit   which: [ '4.0.0', '2.0.2' ],
76 silly audit   '@ecies/ciphers': [ '0.2.6' ],
76 silly audit   '@emnapi/core': [ '1.10.0' ],
76 silly audit   '@emnapi/runtime': [ '1.10.0' ],
76 silly audit   '@emnapi/wasi-threads': [ '1.2.1' ],
76 silly audit   '@eslint-community/eslint-utils': [ '4.9.1' ],
76 silly audit   'eslint-visitor-keys': [ '3.4.3', '5.0.1', '4.2.1' ],
76 silly audit   '@eslint-community/regexpp': [ '4.12.2' ],
76 silly audit   '@eslint/config-array': [ '0.21.2' ],
76 silly audit   '@eslint/config-helpers': [ '0.4.2' ],
76 silly audit   '@eslint/core': [ '0.17.0' ],
76 silly audit   '@eslint/eslintrc': [ '3.3.5' ],
76 silly audit   '@eslint/js': [ '9.39.4' ],
76 silly audit   '@eslint/object-schema': [ '2.1.7' ],
76 silly audit   '@eslint/plugin-kit': [ '0.4.1' ],
76 silly audit   '@floating-ui/core': [ '1.7.5' ],
76 silly audit   '@floating-ui/dom': [ '1.7.6' ],
76 silly audit   '@floating-ui/react-dom': [ '2.1.8' ],
76 silly audit   '@floating-ui/utils': [ '0.2.11' ],
76 silly audit   '@hono/node-server': [ '1.19.14' ],
76 silly audit   '@humanfs/core': [ '0.19.2' ],
76 silly audit   '@humanfs/node': [ '0.16.8' ],
76 silly audit   '@humanfs/types': [ '0.15.0' ],
76 silly audit   '@humanwhocodes/module-importer': [ '1.0.1' ],
76 silly audit   '@humanwhocodes/retry': [ '0.4.3' ],
76 silly audit   '@img/colour': [ '1.1.0' ],
76 silly audit   '@img/sharp-darwin-arm64': [ '0.34.5' ],
76 silly audit   '@img/sharp-darwin-x64': [ '0.34.5' ],
76 silly audit   '@img/sharp-libvips-darwin-arm64': [ '1.2.4' ],
76 silly audit   '@img/sharp-libvips-darwin-x64': [ '1.2.4' ],
76 silly audit   '@img/sharp-libvips-linux-arm': [ '1.2.4' ],
76 silly audit   '@img/sharp-libvips-linux-arm64': [ '1.2.4' ],
76 silly audit   '@img/sharp-libvips-linux-ppc64': [ '1.2.4' ],
76 silly audit   '@img/sharp-libvips-linux-riscv64': [ '1.2.4' ],
76 silly audit   '@img/sharp-libvips-linux-s390x': [ '1.2.4' ],
76 silly audit   '@img/sharp-libvips-linux-x64': [ '1.2.4' ],
76 silly audit   '@img/sharp-libvips-linuxmusl-arm64': [ '1.2.4' ],
76 silly audit   '@img/sharp-libvips-linuxmusl-x64': [ '1.2.4' ],
76 silly audit   '@img/sharp-linux-arm': [ '0.34.5' ],
76 silly audit   '@img/sharp-linux-arm64': [ '0.34.5' ],
76 silly audit   '@img/sharp-linux-ppc64': [ '0.34.5' ],
76 silly audit   '@img/sharp-linux-riscv64': [ '0.34.5' ],
76 silly audit   '@img/sharp-linux-s390x': [ '0.34.5' ],
76 silly audit   '@img/sharp-linux-x64': [ '0.34.5' ],
76 silly audit   '@img/sharp-linuxmusl-arm64': [ '0.34.5' ],
76 silly audit   '@img/sharp-linuxmusl-x64': [ '0.34.5' ],
76 silly audit   '@img/sharp-wasm32': [ '0.34.5' ],
76 silly audit   '@img/sharp-win32-arm64': [ '0.34.5' ],
76 silly audit   '@img/sharp-win32-ia32': [ '0.34.5' ],
76 silly audit   '@img/sharp-win32-x64': [ '0.34.5' ],
76 silly audit   '@inquirer/ansi': [ '2.0.7' ],
76 silly audit   '@inquirer/confirm': [ '6.1.1' ],
76 silly audit   '@inquirer/core': [ '11.2.1' ],
76 silly audit   '@inquirer/figures': [ '2.0.7' ],
76 silly audit   '@inquirer/type': [ '4.0.7' ],
76 silly audit   '@jridgewell/gen-mapping': [ '0.3.13' ],
76 silly audit   '@jridgewell/remapping': [ '2.3.5' ],
76 silly audit   '@jridgewell/resolve-uri': [ '3.1.2' ],
76 silly audit   '@jridgewell/sourcemap-codec': [ '1.5.5' ],
76 silly audit   '@jridgewell/trace-mapping': [ '0.3.31' ],
76 silly audit   '@modelcontextprotocol/sdk': [ '1.29.0' ],
76 silly audit   ajv: [ '8.20.0', '6.15.0' ],
76 silly audit   'json-schema-traverse': [ '1.0.0', '0.4.1' ],
76 silly audit   '@mswjs/interceptors': [ '0.41.9' ],
76 silly audit   '@open-draft/deferred-promise': [ '2.2.0', '3.0.0' ],
76 silly audit   '@napi-rs/wasm-runtime': [ '1.1.4' ],
76 silly audit   '@next/env': [ '16.2.7' ],
76 silly audit   '@next/eslint-plugin-next': [ '16.2.7' ],
76 silly audit   '@next/swc-darwin-arm64': [ '16.2.7' ],
76 silly audit   '@next/swc-darwin-x64': [ '16.2.7' ],
76 silly audit   '@next/swc-linux-arm64-gnu': [ '16.2.7' ],
76 silly audit   '@next/swc-linux-arm64-musl': [ '16.2.7' ],
76 silly audit   '@next/swc-linux-x64-gnu': [ '16.2.7' ],
76 silly audit   '@next/swc-linux-x64-musl': [ '16.2.7' ],
76 silly audit   '@next/swc-win32-arm64-msvc': [ '16.2.7' ],
76 silly audit   '@next/swc-win32-x64-msvc': [ '16.2.7' ],
76 silly audit   '@noble/ciphers': [ '1.3.0' ],
76 silly audit   '@noble/curves': [ '1.9.7' ],
76 silly audit   '@noble/hashes': [ '1.8.0' ],
76 silly audit   '@nodelib/fs.scandir': [ '2.1.5' ],
76 silly audit   '@nodelib/fs.stat': [ '2.0.5' ],
76 silly audit   '@nodelib/fs.walk': [ '1.2.8' ],
76 silly audit   '@nolyfill/is-core-module': [ '1.0.39' ],
76 silly audit   '@open-draft/logger': [ '0.3.0' ],
76 silly audit   '@open-draft/until': [ '2.1.0' ],
76 silly audit   '@radix-ui/number': [ '1.1.1' ],
76 silly audit   '@radix-ui/primitive': [ '1.1.3' ],
76 silly audit   '@radix-ui/react-accessible-icon': [ '1.1.7' ],
76 silly audit   '@radix-ui/react-accordion': [ '1.2.12' ],
76 silly audit   '@radix-ui/react-alert-dialog': [ '1.1.15' ],
76 silly audit   '@radix-ui/react-arrow': [ '1.1.7' ],
76 silly audit   '@radix-ui/react-aspect-ratio': [ '1.1.7' ],
76 silly audit   '@radix-ui/react-avatar': [ '1.1.10' ],
76 silly audit   '@radix-ui/react-checkbox': [ '1.3.3' ],
76 silly audit   '@radix-ui/react-collapsible': [ '1.1.12' ],
76 silly audit   '@radix-ui/react-collection': [ '1.1.7' ],
76 silly audit   '@radix-ui/react-compose-refs': [ '1.1.2' ],
76 silly audit   '@radix-ui/react-context': [ '1.1.2' ],
76 silly audit   '@radix-ui/react-context-menu': [ '2.2.16' ],
76 silly audit   '@radix-ui/react-dialog': [ '1.1.15' ],
76 silly audit   '@radix-ui/react-direction': [ '1.1.1' ],
76 silly audit   '@radix-ui/react-dismissable-layer': [ '1.1.11' ],
76 silly audit   '@radix-ui/react-dropdown-menu': [ '2.1.16' ],
76 silly audit   '@radix-ui/react-focus-guards': [ '1.1.3' ],
76 silly audit   '@radix-ui/react-focus-scope': [ '1.1.7' ],
76 silly audit   '@radix-ui/react-form': [ '0.1.8' ],
76 silly audit   '@radix-ui/react-hover-card': [ '1.1.15' ],
76 silly audit   '@radix-ui/react-id': [ '1.1.1' ],
76 silly audit   '@radix-ui/react-label': [ '2.1.7' ],
76 silly audit   '@radix-ui/react-menu': [ '2.1.16' ],
76 silly audit   '@radix-ui/react-menubar': [ '1.1.16' ],
76 silly audit   '@radix-ui/react-navigation-menu': [ '1.2.14' ],
76 silly audit   '@radix-ui/react-one-time-password-field': [ '0.1.8' ],
76 silly audit   '@radix-ui/react-password-toggle-field': [ '0.1.3' ],
76 silly audit   '@radix-ui/react-popover': [ '1.1.15' ],
76 silly audit   '@radix-ui/react-popper': [ '1.2.8' ],
76 silly audit   '@radix-ui/react-portal': [ '1.1.9' ],
76 silly audit   '@radix-ui/react-presence': [ '1.1.5' ],
76 silly audit   '@radix-ui/react-primitive': [ '2.1.3' ],
76 silly audit   '@radix-ui/react-progress': [ '1.1.7' ],
76 silly audit   '@radix-ui/react-radio-group': [ '1.3.8' ],
76 silly audit   '@radix-ui/react-roving-focus': [ '1.1.11' ],
76 silly audit   '@radix-ui/react-scroll-area': [ '1.2.10' ],
76 silly audit   '@radix-ui/react-select': [ '2.2.6' ],
76 silly audit   '@radix-ui/react-separator': [ '1.1.7' ],
76 silly audit   '@radix-ui/react-slider': [ '1.3.6' ],
76 silly audit   '@radix-ui/react-slot': [ '1.2.3' ],
76 silly audit   '@radix-ui/react-switch': [ '1.2.6' ],
76 silly audit   '@radix-ui/react-tabs': [ '1.1.13' ],
76 silly audit   '@radix-ui/react-toast': [ '1.2.15' ],
76 silly audit   '@radix-ui/react-toggle': [ '1.1.10' ],
76 silly audit   '@radix-ui/react-toggle-group': [ '1.1.11' ],
76 silly audit   '@radix-ui/react-toolbar': [ '1.1.11' ],
76 silly audit   '@radix-ui/react-tooltip': [ '1.2.8' ],
76 silly audit   '@radix-ui/react-use-callback-ref': [ '1.1.1' ],
76 silly audit   '@radix-ui/react-use-controllable-state': [ '1.2.2' ],
76 silly audit   '@radix-ui/react-use-effect-event': [ '0.0.2' ],
76 silly audit   '@radix-ui/react-use-escape-keydown': [ '1.1.1' ],
76 silly audit   '@radix-ui/react-use-is-hydrated': [ '0.1.0' ],
76 silly audit   '@radix-ui/react-use-layout-effect': [ '1.1.1' ],
76 silly audit   '@radix-ui/react-use-previous': [ '1.1.1' ],
76 silly audit   '@radix-ui/react-use-rect': [ '1.1.1' ],
76 silly audit   '@radix-ui/react-use-size': [ '1.1.1' ],
76 silly audit   '@radix-ui/react-visually-hidden': [ '1.2.3' ],
76 silly audit   '@radix-ui/rect': [ '1.1.1' ],
76 silly audit   '@rtsao/scc': [ '1.1.0' ],
76 silly audit   '@sec-ant/readable-stream': [ '0.4.1' ],
76 silly audit   '@sindresorhus/merge-streams': [ '4.0.0' ],
76 silly audit   '@stablelib/base64': [ '1.0.1' ],
76 silly audit   '@supabase/auth-js': [ '2.108.2' ],
76 silly audit   '@supabase/functions-js': [ '2.108.2' ],
76 silly audit   '@supabase/phoenix': [ '0.4.4' ],
76 silly audit   '@supabase/postgrest-js': [ '2.108.2' ],
76 silly audit   '@supabase/realtime-js': [ '2.108.2' ],
76 silly audit   '@supabase/storage-js': [ '2.108.2' ],
76 silly audit   '@supabase/supabase-js': [ '2.108.2' ],
76 silly audit   '@swc/helpers': [ '0.5.15' ],
76 silly audit   '@tailwindcss/node': [ '4.3.0' ],
76 silly audit   '@tailwindcss/oxide': [ '4.3.0' ],
76 silly audit   '@tailwindcss/oxide-android-arm64': [ '4.3.0' ],
76 silly audit   '@tailwindcss/oxide-darwin-arm64': [ '4.3.0' ],
76 silly audit   '@tailwindcss/oxide-darwin-x64': [ '4.3.0' ],
76 silly audit   '@tailwindcss/oxide-freebsd-x64': [ '4.3.0' ],
76 silly audit   '@tailwindcss/oxide-linux-arm-gnueabihf': [ '4.3.0' ],
76 silly audit   '@tailwindcss/oxide-linux-arm64-gnu': [ '4.3.0' ],
76 silly audit   '@tailwindcss/oxide-linux-arm64-musl': [ '4.3.0' ],
76 silly audit   '@tailwindcss/oxide-linux-x64-gnu': [ '4.3.0' ],
76 silly audit   '@tailwindcss/oxide-linux-x64-musl': [ '4.3.0' ],
76 silly audit   '@tailwindcss/oxide-wasm32-wasi': [ '4.3.0' ],
76 silly audit   '@tailwindcss/oxide-win32-arm64-msvc': [ '4.3.0' ],
76 silly audit   '@tailwindcss/oxide-win32-x64-msvc': [ '4.3.0' ],
76 silly audit   '@tailwindcss/postcss': [ '4.3.0' ],
76 silly audit   '@tanstack/query-core': [ '5.101.0' ],
76 silly audit   '@ts-morph/common': [ '0.27.0' ],
76 silly audit   'balanced-match': [ '4.0.4', '1.0.2' ],
76 silly audit   'brace-expansion': [ '5.0.6', '1.1.15' ],
76 silly audit   'fast-glob': [ '3.3.3', '3.3.1' ],
76 silly audit   'glob-parent': [ '5.1.2', '6.0.2' ],
76 silly audit   minimatch: [ '10.2.5', '3.1.5' ],
76 silly audit   '@tybys/wasm-util': [ '0.10.2' ],
76 silly audit   '@types/estree': [ '1.0.9' ],
76 silly audit   '@types/json-schema': [ '7.0.15' ],
76 silly audit   '@types/json5': [ '0.0.29' ],
76 silly audit   '@types/node': [ '25.9.1' ],
76 silly audit   '@types/set-cookie-parser': [ '2.4.10' ],
76 silly audit   '@types/statuses': [ '2.0.6' ],
76 silly audit   '@types/validate-npm-package-name': [ '4.0.2' ],
76 silly audit   '@typescript-eslint/eslint-plugin': [ '8.60.1' ],
76 silly audit   ignore: [ '7.0.5', '5.3.2' ],
76 silly audit   '@typescript-eslint/parser': [ '8.60.1' ],
76 silly audit   '@typescript-eslint/project-service': [ '8.60.1' ],
76 silly audit   '@typescript-eslint/scope-manager': [ '8.60.1' ],
76 silly audit   '@typescript-eslint/tsconfig-utils': [ '8.60.1' ],
76 silly audit   '@typescript-eslint/type-utils': [ '8.60.1' ],
76 silly audit   '@typescript-eslint/types': [ '8.60.1' ],
76 silly audit   '@typescript-eslint/typescript-estree': [ '8.60.1' ],
76 silly audit   semver: [ '7.8.1', '6.3.1' ],
76 silly audit   '@typescript-eslint/utils': [ '8.60.1' ],
76 silly audit   '@typescript-eslint/visitor-keys': [ '8.60.1' ],
76 silly audit   '@unrs/resolver-binding-android-arm-eabi': [ '1.12.2' ],
76 silly audit   '@unrs/resolver-binding-android-arm64': [ '1.12.2' ],
76 silly audit   '@unrs/resolver-binding-darwin-arm64': [ '1.12.2' ],
76 silly audit   '@unrs/resolver-binding-darwin-x64': [ '1.12.2' ],
76 silly audit   '@unrs/resolver-binding-freebsd-x64': [ '1.12.2' ],
76 silly audit   '@unrs/resolver-binding-linux-arm-gnueabihf': [ '1.12.2' ],
76 silly audit   '@unrs/resolver-binding-linux-arm-musleabihf': [ '1.12.2' ],
76 silly audit   '@unrs/resolver-binding-linux-arm64-gnu': [ '1.12.2' ],
76 silly audit   '@unrs/resolver-binding-linux-arm64-musl': [ '1.12.2' ],
76 silly audit   '@unrs/resolver-binding-linux-loong64-gnu': [ '1.12.2' ],
76 silly audit   '@unrs/resolver-binding-linux-loong64-musl': [ '1.12.2' ],
76 silly audit   '@unrs/resolver-binding-linux-ppc64-gnu': [ '1.12.2' ],
76 silly audit   '@unrs/resolver-binding-linux-riscv64-gnu': [ '1.12.2' ],
76 silly audit   '@unrs/resolver-binding-linux-riscv64-musl': [ '1.12.2' ],
76 silly audit   '@unrs/resolver-binding-linux-s390x-gnu': [ '1.12.2' ],
76 silly audit   '@unrs/resolver-binding-linux-x64-gnu': [ '1.12.2' ],
76 silly audit   '@unrs/resolver-binding-linux-x64-musl': [ '1.12.2' ],
76 silly audit   '@unrs/resolver-binding-openharmony-arm64': [ '1.12.2' ],
76 silly audit   '@unrs/resolver-binding-wasm32-wasi': [ '1.12.2' ],
76 silly audit   '@unrs/resolver-binding-win32-arm64-msvc': [ '1.12.2' ],
76 silly audit   '@unrs/resolver-binding-win32-ia32-msvc': [ '1.12.2' ],
76 silly audit   '@unrs/resolver-binding-win32-x64-msvc': [ '1.12.2' ],
76 silly audit   accepts: [ '2.0.0' ],
76 silly audit   acorn: [ '8.16.0' ],
76 silly audit   'acorn-jsx': [ '5.3.2' ],
76 silly audit   'agent-base': [ '7.1.4', '6.0.2' ],
76 silly audit   'ajv-formats': [ '3.0.1' ],
76 silly audit   'ansi-colors': [ '4.1.3' ],
76 silly audit   'ansi-regex': [ '5.0.1', '6.2.2' ],
76 silly audit   'ansi-styles': [ '4.3.0' ],
76 silly audit   aos: [ '2.3.4' ],
76 silly audit   argparse: [ '2.0.1' ],
76 silly audit   'aria-hidden': [ '1.2.6' ],
76 silly audit   'aria-query': [ '5.3.2' ],
76 silly audit   'array-buffer-byte-length': [ '1.0.2' ],
76 silly audit   'array-includes': [ '3.1.9' ],
76 silly audit   'array.prototype.findlast': [ '1.2.5' ],
76 silly audit   'array.prototype.findlastindex': [ '1.2.6' ],
76 silly audit   'array.prototype.flat': [ '1.3.3' ],
76 silly audit   'array.prototype.flatmap': [ '1.3.3' ],
76 silly audit   'array.prototype.tosorted': [ '1.1.4' ],
76 silly audit   'arraybuffer.prototype.slice': [ '1.0.4' ],
76 silly audit   'ast-types': [ '0.16.1' ],
76 silly audit   'ast-types-flow': [ '0.0.8' ],
76 silly audit   'async-function': [ '1.0.0' ],
76 silly audit   'available-typed-arrays': [ '1.0.7' ],
76 silly audit   'axe-core': [ '4.12.0' ],
76 silly audit   'axobject-query': [ '4.1.0' ],
76 silly audit   'babel-plugin-react-compiler': [ '1.0.0' ],
76 silly audit   'baseline-browser-mapping': [ '2.10.33' ],
76 silly audit   bcryptjs: [ '3.0.3' ],
76 silly audit   'body-parser': [ '2.2.2' ],
76 silly audit   braces: [ '3.0.3' ],
76 silly audit   browserslist: [ '4.28.2' ],
76 silly audit   'bundle-name': [ '4.1.0' ],
76 silly audit   bytes: [ '3.1.2' ],
76 silly audit   'call-bind': [ '1.0.9' ],
76 silly audit   'call-bind-apply-helpers': [ '1.0.2' ],
76 silly audit   'call-bound': [ '1.0.4' ],
76 silly audit   callsites: [ '3.1.0' ],
76 silly audit   'caniuse-lite': [ '1.0.30001793' ],
76 silly audit   chalk: [ '4.1.2', '5.6.2' ],
76 silly audit   'class-variance-authority': [ '0.7.1' ],
76 silly audit   'classlist-polyfill': [ '1.2.0' ],
76 silly audit   'cli-cursor': [ '5.0.0' ],
76 silly audit   'cli-spinners': [ '2.9.2' ],
76 silly audit   'cli-width': [ '4.1.0' ],
76 silly audit   'client-only': [ '0.0.1' ],
76 silly audit   cliui: [ '8.0.1' ],
76 silly audit   'emoji-regex': [ '8.0.0', '9.2.2', '10.6.0' ],
76 silly audit   'string-width': [ '4.2.3', '7.2.0' ],
76 silly audit   clsx: [ '2.1.1' ],
76 silly audit   'code-block-writer': [ '13.0.3' ],
76 silly audit   'color-convert': [ '2.0.1' ],
76 silly audit   'color-name': [ '1.1.4' ],
76 silly audit   'concat-map': [ '0.0.1' ],
76 silly audit   'content-disposition': [ '1.1.0' ],
76 silly audit   'content-type': [ '1.0.5', '2.0.0' ],
76 silly audit   'convert-source-map': [ '2.0.0' ],
76 silly audit   cookie: [ '0.7.2', '1.1.1' ],
76 silly audit   'cookie-signature': [ '1.2.2' ],
76 silly audit   cors: [ '2.8.6' ],
76 silly audit   cosmiconfig: [ '9.0.1' ],
76 silly audit   'cross-spawn': [ '7.0.6' ],
76 silly audit   cssesc: [ '3.0.0' ],
76 silly audit   'damerau-levenshtein': [ '1.0.8' ],
76 silly audit   'data-uri-to-buffer': [ '4.0.1' ],
76 silly audit   'data-view-buffer': [ '1.0.2' ],
76 silly audit   'data-view-byte-length': [ '1.0.2' ],
76 silly audit   'data-view-byte-offset': [ '1.0.1' ],
76 silly audit   debug: [ '4.4.3', '3.2.7' ],
76 silly audit   dedent: [ '1.7.2' ],
76 silly audit   'deep-is': [ '0.1.4' ],
76 silly audit   deepmerge: [ '4.3.1' ],
76 silly audit   'default-browser': [ '5.5.0' ],
76 silly audit   'default-browser-id': [ '5.0.1' ],
76 silly audit   'define-data-property': [ '1.1.4' ],
76 silly audit   'define-lazy-prop': [ '3.0.0' ],
76 silly audit   'define-properties': [ '1.2.1' ],
76 silly audit   depd: [ '2.0.0' ],
76 silly audit   dequal: [ '2.0.3' ],
76 silly audit   'detect-libc': [ '2.1.2' ],
76 silly audit   'detect-node-es': [ '1.1.0' ],
76 silly audit   diff: [ '8.0.4' ],
76 silly audit   doctrine: [ '2.1.0' ],
76 silly audit   dotenv: [ '17.4.2' ],
76 silly audit   'dunder-proto': [ '1.0.1' ],
76 silly audit   eciesjs: [ '0.4.18' ],
76 silly audit   'ee-first': [ '1.1.1' ],
76 silly audit   'electron-to-chromium': [ '1.5.366' ],
76 silly audit   'embla-carousel': [ '8.6.0' ],
76 silly audit   'embla-carousel-autoplay': [ '8.6.0' ],
76 silly audit   'embla-carousel-react': [ '8.6.0' ],
76 silly audit   'embla-carousel-reactive-utils': [ '8.6.0' ],
76 silly audit   encodeurl: [ '2.0.0' ],
76 silly audit   'enhanced-resolve': [ '5.22.1' ],
76 silly audit   enquirer: [ '2.4.1' ],
76 silly audit   'env-paths': [ '2.2.1' ],
76 silly audit   'error-ex': [ '1.3.4' ],
76 silly audit   'es-abstract': [ '1.24.2' ],
76 silly audit   'es-define-property': [ '1.0.1' ],
76 silly audit   'es-errors': [ '1.3.0' ],
76 silly audit   'es-iterator-helpers': [ '1.3.2' ],
76 silly audit   'es-object-atoms': [ '1.1.2' ],
76 silly audit   'es-set-tostringtag': [ '2.1.0' ],
76 silly audit   'es-shim-unscopables': [ '1.1.0' ],
76 silly audit   'es-to-primitive': [ '1.3.0' ],
76 silly audit   escalade: [ '3.2.0' ],
76 silly audit   'escape-html': [ '1.0.3' ],
76 silly audit   'escape-string-regexp': [ '4.0.0' ],
76 silly audit   eslint: [ '9.39.4' ],
76 silly audit   'eslint-config-next': [ '16.2.7' ],
76 silly audit   globals: [ '16.4.0', '14.0.0' ],
76 silly audit   'eslint-import-resolver-node': [ '0.3.10' ],
76 silly audit   'eslint-import-resolver-typescript': [ '3.10.1' ],
76 silly audit   'eslint-module-utils': [ '2.13.0' ],
76 silly audit   'eslint-plugin-import': [ '2.32.0' ],
76 silly audit   'eslint-plugin-jsx-a11y': [ '6.10.2' ],
76 silly audit   'eslint-plugin-react': [ '7.37.5' ],
76 silly audit   'eslint-plugin-react-hooks': [ '7.1.1' ],
76 silly audit   'eslint-scope': [ '8.4.0' ],
76 silly audit   espree: [ '10.4.0' ],
76 silly audit   esprima: [ '4.0.1' ],
76 silly audit   esquery: [ '1.7.0' ],
76 silly audit   esrecurse: [ '4.3.0' ],
76 silly audit   estraverse: [ '5.3.0' ],
76 silly audit   esutils: [ '2.0.3' ],
76 silly audit   etag: [ '1.8.1' ],
76 silly audit   eventsource: [ '3.0.7' ],
76 silly audit   'eventsource-parser': [ '3.1.0' ],
76 silly audit   express: [ '5.2.1' ],
76 silly audit   'express-rate-limit': [ '8.5.2' ],
76 silly audit   'fast-deep-equal': [ '3.1.3' ],
76 silly audit   'fast-json-stable-stringify': [ '2.1.0' ],
76 silly audit   'fast-levenshtein': [ '2.0.6' ],
76 silly audit   'fast-sha256': [ '1.3.0' ],
76 silly audit   'fast-string-truncated-width': [ '3.0.3' ],
76 silly audit   'fast-string-width': [ '3.0.2' ],
76 silly audit   'fast-uri': [ '3.1.2' ],
76 silly audit   'fast-wrap-ansi': [ '0.2.2' ],
76 silly audit   fastq: [ '1.20.1' ],
76 silly audit   'fetch-blob': [ '3.2.0' ],
76 silly audit   figures: [ '6.1.0' ],
76 silly audit   'file-entry-cache': [ '8.0.0' ],
76 silly audit   'fill-range': [ '7.1.1' ],
76 silly audit   finalhandler: [ '2.1.1' ],
76 silly audit   'find-up': [ '5.0.0' ],
76 silly audit   'flat-cache': [ '4.0.1' ],
76 silly audit   flatted: [ '3.4.2' ],
76 silly audit   'for-each': [ '0.3.5' ],
76 silly audit   'formdata-polyfill': [ '4.0.10' ],
76 silly audit   forwarded: [ '0.2.0' ],
76 silly audit   fresh: [ '2.0.0' ],
76 silly audit   'fs-extra': [ '11.3.5' ],
76 silly audit   'function-bind': [ '1.1.2' ],
76 silly audit   'function.prototype.name': [ '1.1.8' ],
76 silly audit   'functions-have-names': [ '1.2.3' ],
76 silly audit   fuzzysort: [ '3.1.0' ],
76 silly audit   'generator-function': [ '2.0.1' ],
76 silly audit   gensync: [ '1.0.0-beta.2' ],
76 silly audit   'get-caller-file': [ '2.0.5' ],
76 silly audit   'get-east-asian-width': [ '1.6.0' ],
76 silly audit   'get-intrinsic': [ '1.3.0' ],
76 silly audit   'get-nonce': [ '1.0.1' ],
76 silly audit   'get-own-enumerable-keys': [ '1.0.0' ],
76 silly audit   'get-proto': [ '1.0.1' ],
76 silly audit   'get-symbol-description': [ '1.1.0' ],
76 silly audit   'get-tsconfig': [ '4.14.0' ],
76 silly audit   'glob-to-regexp': [ '0.4.1' ],
76 silly audit   globalthis: [ '1.0.4' ],
76 silly audit   gopd: [ '1.2.0' ],
76 silly audit   'graceful-fs': [ '4.2.11' ],
76 silly audit   graphql: [ '16.14.1' ],
76 silly audit   'has-bigints': [ '1.1.0' ],
76 silly audit   'has-flag': [ '4.0.0' ],
76 silly audit   'has-property-descriptors': [ '1.0.2' ],
76 silly audit   'has-proto': [ '1.2.0' ],
76 silly audit   'has-symbols': [ '1.1.0' ],
76 silly audit   'has-tostringtag': [ '1.0.2' ],
76 silly audit   hasown: [ '2.0.4' ],
76 silly audit   'headers-polyfill': [ '5.0.1' ],
76 silly audit   'hermes-estree': [ '0.25.1' ],
76 silly audit   'hermes-parser': [ '0.25.1' ],
76 silly audit   hono: [ '4.12.23' ],
76 silly audit   'http-errors': [ '2.0.1' ],
76 silly audit   'https-proxy-agent': [ '7.0.6', '5.0.1' ],
76 silly audit   'iceberg-js': [ '0.8.1' ],
76 silly audit   'iconv-lite': [ '0.7.2' ],
76 silly audit   'import-fresh': [ '3.3.1' ],
76 silly audit   imurmurhash: [ '0.1.4' ],
76 silly audit   inherits: [ '2.0.4' ],
76 silly audit   'internal-slot': [ '1.1.0' ],
76 silly audit   'ip-address': [ '10.2.0' ],
76 silly audit   'ipaddr.js': [ '1.9.1' ],
76 silly audit   'is-array-buffer': [ '3.0.5' ],
76 silly audit   'is-arrayish': [ '0.2.1' ],
76 silly audit   'is-async-function': [ '2.1.1' ],
76 silly audit   'is-bigint': [ '1.1.0' ],
76 silly audit   'is-boolean-object': [ '1.2.2' ],
76 silly audit   'is-bun-module': [ '2.0.0' ],
76 silly audit   'is-callable': [ '1.2.7' ],
76 silly audit   'is-core-module': [ '2.16.2' ],
76 silly audit   'is-data-view': [ '1.0.2' ],
76 silly audit   'is-date-object': [ '1.1.0' ],
76 silly audit   'is-docker': [ '3.0.0' ],
76 silly audit   'is-extglob': [ '2.1.1' ],
76 silly audit   'is-finalizationregistry': [ '1.1.1' ],
76 silly audit   'is-fullwidth-code-point': [ '3.0.0' ],
76 silly audit   'is-generator-function': [ '1.1.2' ],
76 silly audit   'is-glob': [ '4.0.3' ],
76 silly audit   'is-in-ssh': [ '1.0.0' ],
76 silly audit   'is-inside-container': [ '1.0.0' ],
76 silly audit   'is-interactive': [ '2.0.0' ],
76 silly audit   'is-map': [ '2.0.3' ],
76 silly audit   'is-negative-zero': [ '2.0.3' ],
76 silly audit   'is-node-process': [ '1.2.0' ],
76 silly audit   'is-number': [ '7.0.0' ],
76 silly audit   'is-number-object': [ '1.1.1' ],
76 silly audit   'is-obj': [ '3.0.0' ],
76 silly audit   'is-plain-obj': [ '4.1.0' ],
76 silly audit   'is-promise': [ '4.0.0' ],
76 silly audit   'is-regex': [ '1.2.1' ],
76 silly audit   'is-regexp': [ '3.1.0' ],
76 silly audit   'is-set': [ '2.0.3' ],
76 silly audit   'is-shared-array-buffer': [ '1.0.4' ],
76 silly audit   'is-string': [ '1.1.1' ],
76 silly audit   'is-symbol': [ '1.1.1' ],
76 silly audit   'is-typed-array': [ '1.1.15' ],
76 silly audit   'is-unicode-supported': [ '2.1.0', '1.3.0' ],
76 silly audit   'is-weakmap': [ '2.0.2' ],
76 silly audit   'is-weakref': [ '1.1.1' ],
76 silly audit   'is-weakset': [ '2.0.4' ],
76 silly audit   'is-wsl': [ '3.1.1' ],
76 silly audit   isarray: [ '2.0.5' ],
76 silly audit   'iterator.prototype': [ '1.1.5' ],
76 silly audit   jiti: [ '2.7.0' ],
76 silly audit   jose: [ '6.2.3' ],
76 silly audit   'js-cookie': [ '3.0.7' ],
76 silly audit   'js-tokens': [ '4.0.0' ],
76 silly audit   'js-yaml': [ '4.2.0' ],
76 silly audit   jsesc: [ '3.1.0' ],
76 silly audit   'json-buffer': [ '3.0.1' ],
76 silly audit   'json-parse-even-better-errors': [ '2.3.1' ],
76 silly audit   'json-schema-typed': [ '8.0.2' ],
76 silly audit   'json-stable-stringify-without-jsonify': [ '1.0.1' ],
76 silly audit   json5: [ '2.2.3', '1.0.2' ],
76 silly audit   jsonfile: [ '6.2.1' ],
76 silly audit   'jsx-ast-utils': [ '3.3.5' ],
76 silly audit   keyv: [ '4.5.4' ],
76 silly audit   kleur: [ '4.1.5', '3.0.3' ],
76 silly audit   'language-subtag-registry': [ '0.3.23' ],
76 silly audit   'language-tags': [ '1.0.9' ],
76 silly audit   levn: [ '0.4.1' ],
76 silly audit   lightningcss: [ '1.32.0' ],
76 silly audit   'lightningcss-android-arm64': [ '1.32.0' ],
76 silly audit   'lightningcss-darwin-arm64': [ '1.32.0' ],
76 silly audit   'lightningcss-darwin-x64': [ '1.32.0' ],
76 silly audit   'lightningcss-freebsd-x64': [ '1.32.0' ],
76 silly audit   'lightningcss-linux-arm-gnueabihf': [ '1.32.0' ],
76 silly audit   'lightningcss-linux-arm64-gnu': [ '1.32.0' ],
76 silly audit   'lightningcss-linux-arm64-musl': [ '1.32.0' ],
76 silly audit   'lightningcss-linux-x64-gnu': [ '1.32.0' ],
76 silly audit   'lightningcss-linux-x64-musl': [ '1.32.0' ],
76 silly audit   'lightningcss-win32-arm64-msvc': [ '1.32.0' ],
76 silly audit   'lightningcss-win32-x64-msvc': [ '1.32.0' ],
76 silly audit   'lines-and-columns': [ '1.2.4' ],
76 silly audit   'locate-path': [ '6.0.0' ],
76 silly audit   'lodash.debounce': [ '4.0.8' ],
76 silly audit   'lodash.merge': [ '4.6.2' ],
76 silly audit   'lodash.throttle': [ '4.1.1' ],
76 silly audit   'log-symbols': [ '6.0.0' ],
76 silly audit   'loose-envify': [ '1.4.0' ],
76 silly audit   'lru-cache': [ '5.1.1' ],
76 silly audit   'lucide-react': [ '1.17.0' ],
76 silly audit   'magic-string': [ '0.30.21' ],
76 silly audit   'math-intrinsics': [ '1.1.0' ],
76 silly audit   'media-typer': [ '1.1.0' ],
76 silly audit   'merge-descriptors': [ '2.0.0' ],
76 silly audit   'merge-stream': [ '2.0.0' ],
76 silly audit   merge2: [ '1.4.1' ],
76 silly audit   micromatch: [ '4.0.8' ],
76 silly audit   'mime-db': [ '1.54.0', '1.52.0' ],
76 silly audit   'mime-types': [ '3.0.2', '2.1.35' ],
76 silly audit   'mimic-fn': [ '2.1.0' ],
76 silly audit   'mimic-function': [ '5.0.1' ],
76 silly audit   minimist: [ '1.2.8' ],
76 silly audit   ms: [ '2.1.3' ],
76 silly audit   msw: [ '2.14.6' ],
76 silly audit   'mute-stream': [ '3.0.0' ],
76 silly audit   nanoid: [ '3.3.12' ],
76 silly audit   'napi-postinstall': [ '0.3.4' ],
76 silly audit   'natural-compare': [ '1.4.0' ],
76 silly audit   negotiator: [ '1.0.0' ],
76 silly audit   next: [ '16.2.7' ],
76 silly audit   postcss: [ '8.4.31', '8.5.15' ],
76 silly audit   'node-domexception': [ '1.0.0' ],
76 silly audit   'node-exports-info': [ '1.6.0' ],
76 silly audit   'node-fetch': [ '3.3.2' ],
76 silly audit   'node-releases': [ '2.0.47' ],
76 silly audit   'path-key': [ '4.0.0', '3.1.1' ],
76 silly audit   'object-assign': [ '4.1.1' ],
76 silly audit   'object-inspect': [ '1.13.4' ],
76 silly audit   'object-keys': [ '1.1.1' ],
76 silly audit   'object-treeify': [ '1.1.33' ],
76 silly audit   'object.assign': [ '4.1.7' ],
76 silly audit   'object.entries': [ '1.1.9' ],
76 silly audit   'object.fromentries': [ '2.0.8' ],
76 silly audit   'object.groupby': [ '1.0.3' ],
76 silly audit   'object.values': [ '1.2.1' ],
76 silly audit   'on-finished': [ '2.4.1' ],
76 silly audit   once: [ '1.4.0' ],
76 silly audit   open: [ '11.0.0' ],
76 silly audit   optionator: [ '0.9.4' ],
76 silly audit   ora: [ '8.2.0' ],
76 silly audit   'strip-ansi': [ '7.2.0', '6.0.1' ],
76 silly audit   outvariant: [ '1.4.3' ],
76 silly audit   'own-keys': [ '1.0.1' ],
76 silly audit   'p-limit': [ '3.1.0' ],
76 silly audit   'p-locate': [ '5.0.0' ],
76 silly audit   'parent-module': [ '1.0.1' ],
76 silly audit   'parse-json': [ '5.2.0' ],
76 silly audit   'parse-ms': [ '4.0.0' ],
76 silly audit   parseurl: [ '1.3.3' ],
76 silly audit   'path-browserify': [ '1.0.1' ],
76 silly audit   'path-exists': [ '4.0.0' ],
76 silly audit   'path-parse': [ '1.0.7' ],
76 silly audit   'path-to-regexp': [ '6.3.0', '8.4.2' ],
76 silly audit   picocolors: [ '1.1.1' ],
76 silly audit   'pkce-challenge': [ '5.0.1' ],
76 silly audit   'possible-typed-array-names': [ '1.1.0' ],
76 silly audit   'postcss-selector-parser': [ '7.1.1' ],
76 silly audit   'powershell-utils': [ '0.1.0' ],
76 silly audit   'prelude-ls': [ '1.2.1' ],
76 silly audit   'pretty-ms': [ '9.3.0' ],
76 silly audit   prompts: [ '2.4.2' ],
76 silly audit   'prop-types': [ '15.8.1' ],
76 silly audit   'proxy-addr': [ '2.0.7' ],
76 silly audit   punycode: [ '2.3.1' ],
76 silly audit   qs: [ '6.15.2' ],
76 silly audit   'queue-microtask': [ '1.2.3' ],
76 silly audit   'radix-ui': [ '1.4.3' ],
76 silly audit   'range-parser': [ '1.2.1' ],
76 silly audit   'raw-body': [ '3.0.2' ],
76 silly audit   react: [ '19.2.4' ],
76 silly audit   'react-dom': [ '19.2.4' ],
76 silly audit   'react-icons': [ '5.6.0' ],
76 silly audit   'react-is': [ '16.13.1' ],
76 silly audit   'react-remove-scroll': [ '2.7.2' ],
76 silly audit   'react-remove-scroll-bar': [ '2.3.8' ],
76 silly audit   'react-style-singleton': [ '2.2.3' ],
76 silly audit   recast: [ '0.23.11' ],
76 silly audit   'reflect.getprototypeof': [ '1.0.10' ],
76 silly audit   'regexp.prototype.flags': [ '1.5.4' ],
76 silly audit   'require-directory': [ '2.1.1' ],
76 silly audit   'require-from-string': [ '2.0.2' ],
76 silly audit   resolve: [ '2.0.0-next.7' ],
76 silly audit   'resolve-from': [ '4.0.0' ],
76 silly audit   'resolve-pkg-maps': [ '1.0.0' ],
76 silly audit   'restore-cursor': [ '5.1.0' ],
76 silly audit   rettime: [ '0.11.11' ],
76 silly audit   reusify: [ '1.1.0' ],
76 silly audit   router: [ '2.2.0' ],
76 silly audit   'run-applescript': [ '7.1.0' ],
76 silly audit   'run-parallel': [ '1.2.0' ],
76 silly audit   'safe-array-concat': [ '1.1.4' ],
76 silly audit   'safe-push-apply': [ '1.0.0' ],
76 silly audit   'safe-regex-test': [ '1.1.0' ],
76 silly audit   'safer-buffer': [ '2.1.2' ],
76 silly audit   scheduler: [ '0.27.0' ],
76 silly audit   send: [ '1.2.1' ],
76 silly audit   'serve-static': [ '2.2.1' ],
76 silly audit   'server-only': [ '0.0.1' ],
76 silly audit   'set-cookie-parser': [ '3.1.0' ],
76 silly audit   'set-function-length': [ '1.2.2' ],
76 silly audit   'set-function-name': [ '2.0.2' ],
76 silly audit   'set-proto': [ '1.0.0' ],
76 silly audit   setprototypeof: [ '1.2.0' ],
76 silly audit   shadcn: [ '4.10.0' ],
76 silly audit   'tsconfig-paths': [ '4.2.0', '3.15.0' ],
76 silly audit   zod: [ '3.25.76', '4.4.3' ],
76 silly audit   sharp: [ '0.34.5' ],
76 silly audit   'shebang-command': [ '2.0.0' ],
76 silly audit   'shebang-regex': [ '3.0.0' ],
76 silly audit   'side-channel': [ '1.1.0' ],
76 silly audit   'side-channel-list': [ '1.0.1' ],
76 silly audit   'side-channel-map': [ '1.0.1' ],
76 silly audit   'side-channel-weakmap': [ '1.0.2' ],
76 silly audit   sisteransi: [ '1.0.5' ],
76 silly audit   'source-map': [ '0.6.1' ],
76 silly audit   'source-map-js': [ '1.2.1' ],
76 silly audit   'stable-hash': [ '0.0.5' ],
76 silly audit   standardwebhooks: [ '1.0.0' ],
76 silly audit   statuses: [ '2.0.2' ],
76 silly audit   'stdin-discarder': [ '0.2.2' ],
76 silly audit   'stop-iteration-iterator': [ '1.1.0' ],
76 silly audit   'strict-event-emitter': [ '0.5.1' ],
76 silly audit   'string.prototype.includes': [ '2.0.1' ],
76 silly audit   'string.prototype.matchall': [ '4.0.12' ],
76 silly audit   'string.prototype.repeat': [ '1.0.0' ],
76 silly audit   'string.prototype.trim': [ '1.2.10' ],
76 silly audit   'string.prototype.trimend': [ '1.0.9' ],
76 silly audit   'string.prototype.trimstart': [ '1.0.8' ],
76 silly audit   'stringify-object': [ '5.0.0' ],
76 silly audit   'strip-bom': [ '3.0.0' ],
76 silly audit   'strip-json-comments': [ '3.1.1' ],
76 silly audit   'styled-jsx': [ '5.1.6' ],
76 silly audit   'supports-color': [ '7.2.0' ],
76 silly audit   'supports-preserve-symlinks-flag': [ '1.0.0' ],
76 silly audit   'tagged-tag': [ '1.0.0' ],
76 silly audit   'tailwind-merge': [ '3.6.0' ],
76 silly audit   tailwindcss: [ '4.3.0' ],
76 silly audit   tapable: [ '2.3.3' ],
76 silly audit   'tiny-invariant': [ '1.3.3' ],
76 silly audit   tinyglobby: [ '0.2.17' ],
76 silly audit   tldts: [ '7.4.2' ],
76 silly audit   'tldts-core': [ '7.4.2' ],
76 silly audit   'to-regex-range': [ '5.0.1' ],
76 silly audit   toidentifier: [ '1.0.1' ],
76 silly audit   'tough-cookie': [ '6.0.1' ],
76 silly audit   'ts-api-utils': [ '2.5.0' ],
76 silly audit   'ts-morph': [ '26.0.0' ],
76 silly audit   tslib: [ '2.8.1' ],
76 silly audit   'tw-animate-css': [ '1.4.0' ],
76 silly audit   'type-check': [ '0.4.0' ],
76 silly audit   'type-fest': [ '5.7.0' ],
76 silly audit   'type-is': [ '2.1.0' ],
76 silly audit   'typed-array-buffer': [ '1.0.3' ],
76 silly audit   'typed-array-byte-length': [ '1.0.3' ],
76 silly audit   'typed-array-byte-offset': [ '1.0.4' ],
76 silly audit   'typed-array-length': [ '1.0.8' ],
76 silly audit   typescript: [ '6.0.3' ],
76 silly audit   'typescript-eslint': [ '8.60.1' ],
76 silly audit   'unbox-primitive': [ '1.1.0' ],
76 silly audit   'undici-types': [ '7.24.6' ],
76 silly audit   'unicorn-magic': [ '0.3.0' ],
76 silly audit   universalify: [ '2.0.1' ],
76 silly audit   unpipe: [ '1.0.0' ],
76 silly audit   'unrs-resolver': [ '1.12.2' ],
76 silly audit   'until-async': [ '3.0.2' ],
76 silly audit   'update-browserslist-db': [ '1.2.3' ],
76 silly audit   'uri-js': [ '4.4.1' ],
76 silly audit   'use-callback-ref': [ '1.3.3' ],
76 silly audit   'use-sidecar': [ '1.1.3' ],
76 silly audit   'use-sync-external-store': [ '1.6.0' ],
76 silly audit   'util-deprecate': [ '1.0.2' ],
76 silly audit   'validate-npm-package-name': [ '7.0.2' ],
76 silly audit   vary: [ '1.1.2' ],
76 silly audit   'web-streams-polyfill': [ '3.3.3' ],
76 silly audit   'which-boxed-primitive': [ '1.1.1' ],
76 silly audit   'which-builtin-type': [ '1.2.1' ],
76 silly audit   'which-collection': [ '1.0.2' ],
76 silly audit   'which-typed-array': [ '1.1.21' ],
76 silly audit   'word-wrap': [ '1.2.5' ],
76 silly audit   'wrap-ansi': [ '7.0.0' ],
76 silly audit   wrappy: [ '1.0.2' ],
76 silly audit   'wsl-utils': [ '0.3.1' ],
76 silly audit   y18n: [ '5.0.8' ],
76 silly audit   yallist: [ '3.1.1' ],
76 silly audit   yargs: [ '17.7.2' ],
76 silly audit   'yargs-parser': [ '21.1.1' ],
76 silly audit   'yocto-queue': [ '0.1.0' ],
76 silly audit   'yocto-spinner': [ '1.2.0' ],
76 silly audit   yoctocolors: [ '2.1.2' ],
76 silly audit   'zod-to-json-schema': [ '3.25.2' ],
76 silly audit   'zod-validation-error': [ '4.0.2' ],
76 silly audit   razorpay: [ '2.9.6' ],
76 silly audit   axios: [ '1.18.1' ],
76 silly audit   'follow-redirects': [ '1.16.0' ],
76 silly audit   'form-data': [ '4.0.6' ],
76 silly audit   'proxy-from-env': [ '2.1.0' ],
76 silly audit   asynckit: [ '0.4.0' ],
76 silly audit   'combined-stream': [ '1.0.8' ],
76 silly audit   'delayed-stream': [ '1.0.0' ]
76 silly audit }
77 http cache delayed-stream@https://registry.npmjs.org/delayed-stream/-/delayed-stream-1.0.0.tgz 0ms (cache hit)
78 http cache combined-stream@https://registry.npmjs.org/combined-stream/-/combined-stream-1.0.8.tgz 0ms (cache hit)
79 http cache proxy-from-env@https://registry.npmjs.org/proxy-from-env/-/proxy-from-env-2.1.0.tgz 0ms (cache hit)
80 http cache form-data@https://registry.npmjs.org/form-data/-/form-data-4.0.6.tgz 0ms (cache hit)
81 http cache asynckit@https://registry.npmjs.org/asynckit/-/asynckit-0.4.0.tgz 0ms (cache hit)
82 http cache axios@https://registry.npmjs.org/axios/-/axios-1.18.1.tgz 0ms (cache hit)
83 http cache follow-redirects@https://registry.npmjs.org/follow-redirects/-/follow-redirects-1.16.0.tgz 0ms (cache hit)
84 http cache razorpay@https://registry.npmjs.org/razorpay/-/razorpay-2.9.6.tgz 0ms (cache hit)
85 http cache agent-base@https://registry.npmjs.org/agent-base/-/agent-base-6.0.2.tgz 0ms (cache hit)
86 http cache mime-db@https://registry.npmjs.org/mime-db/-/mime-db-1.52.0.tgz 0ms (cache hit)
87 http cache mime-types@https://registry.npmjs.org/mime-types/-/mime-types-2.1.35.tgz 0ms (cache hit)
88 silly tarball no local data for delayed-stream@https://registry.npmjs.org/delayed-stream/-/delayed-stream-1.0.0.tgz. Extracting by manifest.
89 http cache https-proxy-agent@https://registry.npmjs.org/https-proxy-agent/-/https-proxy-agent-5.0.1.tgz 0ms (cache hit)
90 silly tarball no local data for combined-stream@https://registry.npmjs.org/combined-stream/-/combined-stream-1.0.8.tgz. Extracting by manifest.
91 silly tarball no local data for proxy-from-env@https://registry.npmjs.org/proxy-from-env/-/proxy-from-env-2.1.0.tgz. Extracting by manifest.
92 silly tarball no local data for form-data@https://registry.npmjs.org/form-data/-/form-data-4.0.6.tgz. Extracting by manifest.
93 silly tarball no local data for asynckit@https://registry.npmjs.org/asynckit/-/asynckit-0.4.0.tgz. Extracting by manifest.
94 silly tarball no local data for axios@https://registry.npmjs.org/axios/-/axios-1.18.1.tgz. Extracting by manifest.
95 silly tarball no local data for follow-redirects@https://registry.npmjs.org/follow-redirects/-/follow-redirects-1.16.0.tgz. Extracting by manifest.
96 silly tarball no local data for razorpay@https://registry.npmjs.org/razorpay/-/razorpay-2.9.6.tgz. Extracting by manifest.
97 silly tarball no local data for agent-base@https://registry.npmjs.org/agent-base/-/agent-base-6.0.2.tgz. Extracting by manifest.
98 silly tarball no local data for mime-db@https://registry.npmjs.org/mime-db/-/mime-db-1.52.0.tgz. Extracting by manifest.
99 silly tarball no local data for mime-types@https://registry.npmjs.org/mime-types/-/mime-types-2.1.35.tgz. Extracting by manifest.
100 silly tarball no local data for https-proxy-agent@https://registry.npmjs.org/https-proxy-agent/-/https-proxy-agent-5.0.1.tgz. Extracting by manifest.
101 http fetch GET 200 https://registry.npmjs.org/proxy-from-env/-/proxy-from-env-2.1.0.tgz 272ms (cache miss)
102 http fetch GET 200 https://registry.npmjs.org/combined-stream/-/combined-stream-1.0.8.tgz 275ms (cache miss)
103 http fetch POST 200 https://registry.npmjs.org/-/npm/v1/security/advisories/bulk 309ms
104 silly audit report {
104 silly audit report   hono: [
104 silly audit report     {
104 silly audit report       id: 1120910,
104 silly audit report       url: 'https://github.com/advisories/GHSA-wwfh-h76j-fc44',
104 silly audit report       title: 'hono: Path traversal in `serve-static` on Windows via encoded backslash (`%5C`)',
104 silly audit report       severity: 'moderate',
104 silly audit report       vulnerable_versions: '<4.12.25',
104 silly audit report       cwe: [Array],
104 silly audit report       cvss: [Object]
104 silly audit report     },
104 silly audit report     {
104 silly audit report       id: 1120911,
104 silly audit report       url: 'https://github.com/advisories/GHSA-j6c9-x7qj-28xf',
104 silly audit report       title: 'hono: AWS Lambda adapter merges multiple `Set-Cookie` headers into one value, dropping cookies on ALB single-header and Lattice',
104 silly audit report       severity: 'moderate',
104 silly audit report       vulnerable_versions: '<4.12.25',
104 silly audit report       cwe: [Array],
104 silly audit report       cvss: [Object]
104 silly audit report     },
104 silly audit report     {
104 silly audit report       id: 1120913,
104 silly audit report       url: 'https://github.com/advisories/GHSA-88fw-hqm2-52qc',
104 silly audit report       title: 'hono: CORS Middleware reflects any Origin with credentials when `origin` defaults to the wildcard',
104 silly audit report       severity: 'high',
104 silly audit report       vulnerable_versions: '<4.12.25',
104 silly audit report       cwe: [Array],
104 silly audit report       cvss: [Object]
104 silly audit report     },
104 silly audit report     {
104 silly audit report       id: 1120921,
104 silly audit report       url: 'https://github.com/advisories/GHSA-rv63-4mwf-qqc2',
104 silly audit report       title: 'hono: Body Limit Middleware can be bypassed on AWS Lambda by understating `Content-Length`',
104 silly audit report       severity: 'moderate',
104 silly audit report       vulnerable_versions: '<4.12.25',
104 silly audit report       cwe: [Array],
104 silly audit report       cvss: [Object]
104 silly audit report     },
104 silly audit report     {
104 silly audit report       id: 1120922,
104 silly audit report       url: 'https://github.com/advisories/GHSA-wgpf-jwqj-8h8p',
104 silly audit report       title: 'hono: Lambda@Edge adapter keeps only the last value of a repeated request header, dropping the rest',
104 silly audit report       severity: 'moderate',
104 silly audit report       vulnerable_versions: '<4.12.25',
104 silly audit report       cwe: [Array],
104 silly audit report       cvss: [Object]
104 silly audit report     }
104 silly audit report   ],
104 silly audit report   postcss: [
104 silly audit report     {
104 silly audit report       id: 1117015,
104 silly audit report       url: 'https://github.com/advisories/GHSA-qx2v-qp2m-jg93',
104 silly audit report       title: 'PostCSS has XSS via Unescaped </style> in its CSS Stringify Output',
104 silly audit report       severity: 'moderate',
104 silly audit report       vulnerable_versions: '<8.5.10',
104 silly audit report       cwe: [Array],
104 silly audit report       cvss: [Object]
104 silly audit report     }
104 silly audit report   ]
104 silly audit report }
105 silly packumentCache corgi:https://registry.npmjs.org/hono cache-miss
106 silly packumentCache corgi:https://registry.npmjs.org/postcss cache-miss
107 http fetch GET 200 https://registry.npmjs.org/delayed-stream/-/delayed-stream-1.0.0.tgz 372ms (cache miss)
108 http fetch GET 200 https://registry.npmjs.org/mime-types/-/mime-types-2.1.35.tgz 442ms (cache miss)
109 http fetch GET 200 https://registry.npmjs.org/follow-redirects/-/follow-redirects-1.16.0.tgz 475ms (cache miss)
110 http fetch GET 200 https://registry.npmjs.org/mime-db/-/mime-db-1.52.0.tgz 514ms (cache miss)
111 http fetch GET 200 https://registry.npmjs.org/form-data/-/form-data-4.0.6.tgz 545ms (cache miss)
112 http fetch GET 200 https://registry.npmjs.org/https-proxy-agent/-/https-proxy-agent-5.0.1.tgz 541ms (cache miss)
113 http fetch GET 200 https://registry.npmjs.org/postcss 219ms (cache miss)
114 silly packumentCache corgi:https://registry.npmjs.org/postcss set size:undefined disposed:false
115 http fetch GET 200 https://registry.npmjs.org/agent-base/-/agent-base-6.0.2.tgz 582ms (cache miss)
116 http fetch GET 200 https://registry.npmjs.org/hono 273ms (cache miss)
117 silly packumentCache corgi:https://registry.npmjs.org/hono set size:undefined disposed:false
118 http fetch GET 200 https://registry.npmjs.org/asynckit/-/asynckit-0.4.0.tgz 734ms (cache miss)
119 silly packumentCache corgi:https://registry.npmjs.org/@hono%2fnode-server cache-miss
120 silly packumentCache corgi:https://registry.npmjs.org/@modelcontextprotocol%2fsdk cache-miss
121 http fetch GET 200 https://registry.npmjs.org/@modelcontextprotocol%2fsdk 209ms (cache miss)
122 silly packumentCache corgi:https://registry.npmjs.org/@modelcontextprotocol%2fsdk set size:undefined disposed:false
123 http fetch GET 200 https://registry.npmjs.org/@hono%2fnode-server 301ms (cache miss)
124 silly packumentCache corgi:https://registry.npmjs.org/@hono%2fnode-server set size:undefined disposed:false
125 silly packumentCache corgi:https://registry.npmjs.org/next cache-miss
126 http fetch GET 200 https://registry.npmjs.org/razorpay/-/razorpay-2.9.6.tgz 1127ms (cache miss)
127 http fetch GET 200 https://registry.npmjs.org/axios/-/axios-1.18.1.tgz 1439ms (cache miss)
128 http fetch GET 200 https://registry.npmjs.org/next 3626ms (cache miss)
129 silly packumentCache corgi:https://registry.npmjs.org/next set size:undefined disposed:false
130 silly packumentCache corgi:https://registry.npmjs.org/@clerk%2fnextjs cache-miss
131 http fetch GET 200 https://registry.npmjs.org/@clerk%2fnextjs 1429ms (cache miss)
132 silly packumentCache corgi:https://registry.npmjs.org/@clerk%2fnextjs set size:undefined disposed:false
133 silly ADD node_modules/delayed-stream
134 silly ADD node_modules/combined-stream
135 silly ADD node_modules/asynckit
136 silly ADD node_modules/proxy-from-env
137 silly ADD node_modules/form-data
138 silly ADD node_modules/form-data/node_modules/mime-db
139 silly ADD node_modules/form-data/node_modules/mime-types
140 silly ADD node_modules/follow-redirects
141 silly ADD node_modules/axios
142 silly ADD node_modules/axios/node_modules/agent-base
143 silly ADD node_modules/axios/node_modules/https-proxy-agent
144 silly ADD node_modules/razorpay
145 verbose cwd C:\Users\Public\Next\leather-ecommerce\hkay
146 verbose os Windows_NT 10.0.19045
147 verbose node v24.14.0
148 verbose npm  v11.12.0
149 notice
149 notice New minor version of npm available! 11.12.0 -> 11.18.0
149 notice Changelog: https://github.com/npm/cli/releases/tag/v11.18.0
149 notice To update run: npm install -g npm@11.18.0
149 notice  { force: true, Symbol(proc-log.meta): true }
150 verbose exit 0
151 info ok
